ERROR - 2021-10-22 23:22:09 --> Error connecting to the database: No connection could be made because the target machine actively refused it
CRITICAL - 2021-10-22 23:22:09 --> Unable to connect to the database.
Main connection [MySQLi]: No connection could be made because the target machine actively refused it
#0 C:\xampp\htdocs\BKK\vendor\codeigniter4\framework\system\Database\BaseConnection.php(570): CodeIgniter\Database\BaseConnection->initialize()
#1 C:\xampp\htdocs\BKK\vendor\codeigniter4\framework\system\Database\BaseBuilder.php(1428): CodeIgniter\Database\BaseConnection->query('SELECT `loker`....', Array, false)
#2 C:\xampp\htdocs\BKK\app\Models\LokerModel.php(20): CodeIgniter\Database\BaseBuilder->get()
#3 C:\xampp\htdocs\BKK\app\Controllers\Home.php(19): App\Models\LokerModel->get6Loker()
#4 C:\xampp\htdocs\BKK\vendor\codeigniter4\framework\system\CodeIgniter.php(802): App\Controllers\Home->index()
#5 C:\xampp\htdocs\BKK\vendor\codeigniter4\framework\system\CodeIgniter.php(399): CodeIgniter\CodeIgniter->runController(Object(App\Controllers\Home))
#6 C:\xampp\htdocs\BKK\vendor\codeigniter4\framework\system\CodeIgniter.php(317): CodeIgniter\CodeIgniter->handleRequest(NULL, Object(Config\Cache), false)
#7 C:\xampp\htdocs\BKK\public\index.php(37): CodeIgniter\CodeIgniter->run()
#8 C:\xampp\htdocs\BKK\vendor\codeigniter4\framework\system\Commands\Server\rewrite.php(43): require_once('C:\\xampp\\htdocs...')
#9 {main}
ERROR - 2021-10-22 23:36:43 --> Error connecting to the database: No connection could be made because the target machine actively refused it
CRITICAL - 2021-10-22 23:36:43 --> Unable to connect to the database.
Main connection [MySQLi]: No connection could be made because the target machine actively refused it
#0 C:\xampp\htdocs\BKK\vendor\codeigniter4\framework\system\Database\BaseConnection.php(570): CodeIgniter\Database\BaseConnection->initialize()
#1 C:\xampp\htdocs\BKK\vendor\codeigniter4\framework\system\Database\BaseBuilder.php(1428): CodeIgniter\Database\BaseConnection->query('SELECT `loker`....', Array, false)
#2 C:\xampp\htdocs\BKK\app\Models\LokerModel.php(20): CodeIgniter\Database\BaseBuilder->get()
#3 C:\xampp\htdocs\BKK\app\Controllers\Home.php(19): App\Models\LokerModel->get6Loker()
#4 C:\xampp\htdocs\BKK\vendor\codeigniter4\framework\system\CodeIgniter.php(802): App\Controllers\Home->index()
#5 C:\xampp\htdocs\BKK\vendor\codeigniter4\framework\system\CodeIgniter.php(399): CodeIgniter\CodeIgniter->runController(Object(App\Controllers\Home))
#6 C:\xampp\htdocs\BKK\vendor\codeigniter4\framework\system\CodeIgniter.php(317): CodeIgniter\CodeIgniter->handleRequest(NULL, Object(Config\Cache), false)
#7 C:\xampp\htdocs\BKK\public\index.php(37): CodeIgniter\CodeIgniter->run()
#8 C:\xampp\htdocs\BKK\vendor\codeigniter4\framework\system\Commands\Server\rewrite.php(43): require_once('C:\\xampp\\htdocs...')
#9 {main}
CRITICAL - 2021-10-22 23:50:28 --> syntax error, unexpected token ";"
#0 C:\xampp\htdocs\BKK\vendor\codeigniter4\framework\system\View\View.php(217): CodeIgniter\View\View->CodeIgniter\View\{closure}()
#1 C:\xampp\htdocs\BKK\vendor\codeigniter4\framework\system\Common.php(1092): CodeIgniter\View\View->render('Home', Array, true)
#2 C:\xampp\htdocs\BKK\app\Controllers\Home.php(20): view('Home', Array)
#3 C:\xampp\htdocs\BKK\vendor\codeigniter4\framework\system\CodeIgniter.php(802): App\Controllers\Home->index()
#4 C:\xampp\htdocs\BKK\vendor\codeigniter4\framework\system\CodeIgniter.php(399): CodeIgniter\CodeIgniter->runController(Object(App\Controllers\Home))
#5 C:\xampp\htdocs\BKK\vendor\codeigniter4\framework\system\CodeIgniter.php(317): CodeIgniter\CodeIgniter->handleRequest(NULL, Object(Config\Cache), false)
#6 C:\xampp\htdocs\BKK\public\index.php(37): CodeIgniter\CodeIgniter->run()
#7 C:\xampp\htdocs\BKK\vendor\codeigniter4\framework\system\Commands\Server\rewrite.php(43): require_once('C:\\xampp\\htdocs...')
#8 {main}
