CRITICAL - 2021-10-19 20:34:45 --> Undefined variable $loker
#0 C:\xampp\htdocs\BKK\app\Views\Home.php(88): CodeIgniter\Debug\Exceptions->errorHandler(2, 'Undefined varia...', 'C:\\xampp\\htdocs...', 88)
#1 C:\xampp\htdocs\BKK\vendor\codeigniter4\framework\system\View\View.php(214): include('C:\\xampp\\htdocs...')
#2 C:\xampp\htdocs\BKK\vendor\codeigniter4\framework\system\View\View.php(217): CodeIgniter\View\View->CodeIgniter\View\{closure}()
#3 C:\xampp\htdocs\BKK\vendor\codeigniter4\framework\system\Common.php(1092): CodeIgniter\View\View->render('Home', Array, true)
#4 C:\xampp\htdocs\BKK\app\Controllers\Home.php(9): view('Home')
#5 C:\xampp\htdocs\BKK\vendor\codeigniter4\framework\system\CodeIgniter.php(802): App\Controllers\Home->index()
#6 C:\xampp\htdocs\BKK\vendor\codeigniter4\framework\system\CodeIgniter.php(399): CodeIgniter\CodeIgniter->runController(Object(App\Controllers\Home))
#7 C:\xampp\htdocs\BKK\vendor\codeigniter4\framework\system\CodeIgniter.php(317): CodeIgniter\CodeIgniter->handleRequest(NULL, Object(Config\Cache), false)
#8 C:\xampp\htdocs\BKK\public\index.php(37): CodeIgniter\CodeIgniter->run()
#9 C:\xampp\htdocs\BKK\vendor\codeigniter4\framework\system\Commands\Server\rewrite.php(43): require_once('C:\\xampp\\htdocs...')
#10 {main}
CRITICAL - 2021-10-19 20:35:47 --> Undefined variable $loker
#0 C:\xampp\htdocs\BKK\app\Views\Home.php(88): CodeIgniter\Debug\Exceptions->errorHandler(2, 'Undefined varia...', 'C:\\xampp\\htdocs...', 88)
#1 C:\xampp\htdocs\BKK\vendor\codeigniter4\framework\system\View\View.php(214): include('C:\\xampp\\htdocs...')
#2 C:\xampp\htdocs\BKK\vendor\codeigniter4\framework\system\View\View.php(217): CodeIgniter\View\View->CodeIgniter\View\{closure}()
#3 C:\xampp\htdocs\BKK\vendor\codeigniter4\framework\system\Common.php(1092): CodeIgniter\View\View->render('Home', Array, true)
#4 C:\xampp\htdocs\BKK\app\Controllers\Home.php(9): view('Home')
#5 C:\xampp\htdocs\BKK\vendor\codeigniter4\framework\system\CodeIgniter.php(802): App\Controllers\Home->index()
#6 C:\xampp\htdocs\BKK\vendor\codeigniter4\framework\system\CodeIgniter.php(399): CodeIgniter\CodeIgniter->runController(Object(App\Controllers\Home))
#7 C:\xampp\htdocs\BKK\vendor\codeigniter4\framework\system\CodeIgniter.php(317): CodeIgniter\CodeIgniter->handleRequest(NULL, Object(Config\Cache), false)
#8 C:\xampp\htdocs\BKK\public\index.php(37): CodeIgniter\CodeIgniter->run()
#9 C:\xampp\htdocs\BKK\vendor\codeigniter4\framework\system\Commands\Server\rewrite.php(43): require_once('C:\\xampp\\htdocs...')
#10 {main}
CRITICAL - 2021-10-19 20:36:41 --> Undefined variable $loker
#0 C:\xampp\htdocs\BKK\app\Views\Home.php(88): CodeIgniter\Debug\Exceptions->errorHandler(2, 'Undefined varia...', 'C:\\xampp\\htdocs...', 88)
#1 C:\xampp\htdocs\BKK\vendor\codeigniter4\framework\system\View\View.php(214): include('C:\\xampp\\htdocs...')
#2 C:\xampp\htdocs\BKK\vendor\codeigniter4\framework\system\View\View.php(217): CodeIgniter\View\View->CodeIgniter\View\{closure}()
#3 C:\xampp\htdocs\BKK\vendor\codeigniter4\framework\system\Common.php(1092): CodeIgniter\View\View->render('Home', Array, true)
#4 C:\xampp\htdocs\BKK\app\Controllers\Home.php(9): view('Home')
#5 C:\xampp\htdocs\BKK\vendor\codeigniter4\framework\system\CodeIgniter.php(802): App\Controllers\Home->index()
#6 C:\xampp\htdocs\BKK\vendor\codeigniter4\framework\system\CodeIgniter.php(399): CodeIgniter\CodeIgniter->runController(Object(App\Controllers\Home))
#7 C:\xampp\htdocs\BKK\vendor\codeigniter4\framework\system\CodeIgniter.php(317): CodeIgniter\CodeIgniter->handleRequest(NULL, Object(Config\Cache), false)
#8 C:\xampp\htdocs\BKK\public\index.php(37): CodeIgniter\CodeIgniter->run()
#9 C:\xampp\htdocs\BKK\vendor\codeigniter4\framework\system\Commands\Server\rewrite.php(43): require_once('C:\\xampp\\htdocs...')
#10 {main}
CRITICAL - 2021-10-19 20:39:41 --> Undefined variable $loker
#0 C:\xampp\htdocs\BKK\app\Views\Home.php(88): CodeIgniter\Debug\Exceptions->errorHandler(2, 'Undefined varia...', 'C:\\xampp\\htdocs...', 88)
#1 C:\xampp\htdocs\BKK\vendor\codeigniter4\framework\system\View\View.php(214): include('C:\\xampp\\htdocs...')
#2 C:\xampp\htdocs\BKK\vendor\codeigniter4\framework\system\View\View.php(217): CodeIgniter\View\View->CodeIgniter\View\{closure}()
#3 C:\xampp\htdocs\BKK\vendor\codeigniter4\framework\system\Common.php(1092): CodeIgniter\View\View->render('Home', Array, true)
#4 C:\xampp\htdocs\BKK\app\Controllers\Home.php(9): view('Home')
#5 C:\xampp\htdocs\BKK\vendor\codeigniter4\framework\system\CodeIgniter.php(802): App\Controllers\Home->index()
#6 C:\xampp\htdocs\BKK\vendor\codeigniter4\framework\system\CodeIgniter.php(399): CodeIgniter\CodeIgniter->runController(Object(App\Controllers\Home))
#7 C:\xampp\htdocs\BKK\vendor\codeigniter4\framework\system\CodeIgniter.php(317): CodeIgniter\CodeIgniter->handleRequest(NULL, Object(Config\Cache), false)
#8 C:\xampp\htdocs\BKK\public\index.php(37): CodeIgniter\CodeIgniter->run()
#9 C:\xampp\htdocs\BKK\vendor\codeigniter4\framework\system\Commands\Server\rewrite.php(43): require_once('C:\\xampp\\htdocs...')
#10 {main}
CRITICAL - 2021-10-19 20:47:12 --> Undefined variable $loker
#0 C:\xampp\htdocs\BKK\app\Views\Home.php(88): CodeIgniter\Debug\Exceptions->errorHandler(2, 'Undefined varia...', 'C:\\xampp\\htdocs...', 88)
#1 C:\xampp\htdocs\BKK\vendor\codeigniter4\framework\system\View\View.php(214): include('C:\\xampp\\htdocs...')
#2 C:\xampp\htdocs\BKK\vendor\codeigniter4\framework\system\View\View.php(217): CodeIgniter\View\View->CodeIgniter\View\{closure}()
#3 C:\xampp\htdocs\BKK\vendor\codeigniter4\framework\system\Common.php(1092): CodeIgniter\View\View->render('Home', Array, true)
#4 C:\xampp\htdocs\BKK\app\Controllers\Home.php(9): view('Home')
#5 C:\xampp\htdocs\BKK\vendor\codeigniter4\framework\system\CodeIgniter.php(802): App\Controllers\Home->index()
#6 C:\xampp\htdocs\BKK\vendor\codeigniter4\framework\system\CodeIgniter.php(399): CodeIgniter\CodeIgniter->runController(Object(App\Controllers\Home))
#7 C:\xampp\htdocs\BKK\vendor\codeigniter4\framework\system\CodeIgniter.php(317): CodeIgniter\CodeIgniter->handleRequest(NULL, Object(Config\Cache), false)
#8 C:\xampp\htdocs\BKK\public\index.php(37): CodeIgniter\CodeIgniter->run()
#9 C:\xampp\htdocs\BKK\vendor\codeigniter4\framework\system\Commands\Server\rewrite.php(43): require_once('C:\\xampp\\htdocs...')
#10 {main}
CRITICAL - 2021-10-19 20:48:49 --> Cannot declare class App\Models\MhsModel, because the name is already in use
#0 [internal function]: CodeIgniter\Debug\Exceptions->shutdownHandler()
#1 {main}
CRITICAL - 2021-10-19 21:01:19 --> Call to undefined method App\Models\LokerModel::getAllLoker
#0 C:\xampp\htdocs\BKK\app\Controllers\Home.php(19): CodeIgniter\Model->__call('getAllLoker', Array)
#1 C:\xampp\htdocs\BKK\vendor\codeigniter4\framework\system\CodeIgniter.php(802): App\Controllers\Home->index()
#2 C:\xampp\htdocs\BKK\vendor\codeigniter4\framework\system\CodeIgniter.php(399): CodeIgniter\CodeIgniter->runController(Object(App\Controllers\Home))
#3 C:\xampp\htdocs\BKK\vendor\codeigniter4\framework\system\CodeIgniter.php(317): CodeIgniter\CodeIgniter->handleRequest(NULL, Object(Config\Cache), false)
#4 C:\xampp\htdocs\BKK\public\index.php(37): CodeIgniter\CodeIgniter->run()
#5 C:\xampp\htdocs\BKK\vendor\codeigniter4\framework\system\Commands\Server\rewrite.php(43): require_once('C:\\xampp\\htdocs...')
#6 {main}
ERROR - 2021-10-19 21:01:43 --> Unknown column 'id' in 'order clause'
CRITICAL - 2021-10-19 21:01:43 --> Unknown column 'id' in 'order clause'
#0 C:\xampp\htdocs\BKK\vendor\codeigniter4\framework\system\Database\MySQLi\Connection.php(280): mysqli->query('SELECT `loker`....')
#1 C:\xampp\htdocs\BKK\vendor\codeigniter4\framework\system\Database\BaseConnection.php(663): CodeIgniter\Database\MySQLi\Connection->execute('SELECT `loker`....')
#2 C:\xampp\htdocs\BKK\vendor\codeigniter4\framework\system\Database\BaseConnection.php(591): CodeIgniter\Database\BaseConnection->simpleQuery('SELECT `loker`....')
#3 C:\xampp\htdocs\BKK\vendor\codeigniter4\framework\system\Database\BaseBuilder.php(1428): CodeIgniter\Database\BaseConnection->query('SELECT `loker`....', Array, false)
#4 C:\xampp\htdocs\BKK\app\Models\LokerModel.php(20): CodeIgniter\Database\BaseBuilder->get()
#5 C:\xampp\htdocs\BKK\app\Controllers\Home.php(19): App\Models\LokerModel->get6Loker()
#6 C:\xampp\htdocs\BKK\vendor\codeigniter4\framework\system\CodeIgniter.php(802): App\Controllers\Home->index()
#7 C:\xampp\htdocs\BKK\vendor\codeigniter4\framework\system\CodeIgniter.php(399): CodeIgniter\CodeIgniter->runController(Object(App\Controllers\Home))
#8 C:\xampp\htdocs\BKK\vendor\codeigniter4\framework\system\CodeIgniter.php(317): CodeIgniter\CodeIgniter->handleRequest(NULL, Object(Config\Cache), false)
#9 C:\xampp\htdocs\BKK\public\index.php(37): CodeIgniter\CodeIgniter->run()
#10 C:\xampp\htdocs\BKK\vendor\codeigniter4\framework\system\Commands\Server\rewrite.php(43): require_once('C:\\xampp\\htdocs...')
#11 {main}
ERROR - 2021-10-19 21:02:29 --> Unknown column 'get6Loker' in 'order clause'
CRITICAL - 2021-10-19 21:02:29 --> Unknown column 'get6Loker' in 'order clause'
#0 C:\xampp\htdocs\BKK\vendor\codeigniter4\framework\system\Database\MySQLi\Connection.php(280): mysqli->query('SELECT `loker`....')
#1 C:\xampp\htdocs\BKK\vendor\codeigniter4\framework\system\Database\BaseConnection.php(663): CodeIgniter\Database\MySQLi\Connection->execute('SELECT `loker`....')
#2 C:\xampp\htdocs\BKK\vendor\codeigniter4\framework\system\Database\BaseConnection.php(591): CodeIgniter\Database\BaseConnection->simpleQuery('SELECT `loker`....')
#3 C:\xampp\htdocs\BKK\vendor\codeigniter4\framework\system\Database\BaseBuilder.php(1428): CodeIgniter\Database\BaseConnection->query('SELECT `loker`....', Array, false)
#4 C:\xampp\htdocs\BKK\app\Models\LokerModel.php(20): CodeIgniter\Database\BaseBuilder->get()
#5 C:\xampp\htdocs\BKK\app\Controllers\Home.php(19): App\Models\LokerModel->get6Loker()
#6 C:\xampp\htdocs\BKK\vendor\codeigniter4\framework\system\CodeIgniter.php(802): App\Controllers\Home->index()
#7 C:\xampp\htdocs\BKK\vendor\codeigniter4\framework\system\CodeIgniter.php(399): CodeIgniter\CodeIgniter->runController(Object(App\Controllers\Home))
#8 C:\xampp\htdocs\BKK\vendor\codeigniter4\framework\system\CodeIgniter.php(317): CodeIgniter\CodeIgniter->handleRequest(NULL, Object(Config\Cache), false)
#9 C:\xampp\htdocs\BKK\public\index.php(37): CodeIgniter\CodeIgniter->run()
#10 C:\xampp\htdocs\BKK\vendor\codeigniter4\framework\system\Commands\Server\rewrite.php(43): require_once('C:\\xampp\\htdocs...')
#11 {main}
ERROR - 2021-10-19 21:02:56 --> Unknown column 'get6Loker' in 'order clause'
CRITICAL - 2021-10-19 21:02:56 --> Unknown column 'get6Loker' in 'order clause'
#0 C:\xampp\htdocs\BKK\vendor\codeigniter4\framework\system\Database\MySQLi\Connection.php(280): mysqli->query('SELECT `loker`....')
#1 C:\xampp\htdocs\BKK\vendor\codeigniter4\framework\system\Database\BaseConnection.php(663): CodeIgniter\Database\MySQLi\Connection->execute('SELECT `loker`....')
#2 C:\xampp\htdocs\BKK\vendor\codeigniter4\framework\system\Database\BaseConnection.php(591): CodeIgniter\Database\BaseConnection->simpleQuery('SELECT `loker`....')
#3 C:\xampp\htdocs\BKK\vendor\codeigniter4\framework\system\Database\BaseBuilder.php(1428): CodeIgniter\Database\BaseConnection->query('SELECT `loker`....', Array, false)
#4 C:\xampp\htdocs\BKK\app\Models\LokerModel.php(20): CodeIgniter\Database\BaseBuilder->get()
#5 C:\xampp\htdocs\BKK\app\Controllers\Home.php(19): App\Models\LokerModel->get6Loker()
#6 C:\xampp\htdocs\BKK\vendor\codeigniter4\framework\system\CodeIgniter.php(802): App\Controllers\Home->index()
#7 C:\xampp\htdocs\BKK\vendor\codeigniter4\framework\system\CodeIgniter.php(399): CodeIgniter\CodeIgniter->runController(Object(App\Controllers\Home))
#8 C:\xampp\htdocs\BKK\vendor\codeigniter4\framework\system\CodeIgniter.php(317): CodeIgniter\CodeIgniter->handleRequest(NULL, Object(Config\Cache), false)
#9 C:\xampp\htdocs\BKK\public\index.php(37): CodeIgniter\CodeIgniter->run()
#10 C:\xampp\htdocs\BKK\vendor\codeigniter4\framework\system\Commands\Server\rewrite.php(43): require_once('C:\\xampp\\htdocs...')
#11 {main}
CRITICAL - 2021-10-19 21:08:21 --> Maximum execution time of 60 seconds exceeded
#0 [internal function]: CodeIgniter\Debug\Exceptions->shutdownHandler()
#1 {main}
ERROR - 2021-10-19 21:08:46 --> Unknown column 'get6Loker' in 'order clause'
CRITICAL - 2021-10-19 21:08:46 --> Unknown column 'get6Loker' in 'order clause'
#0 C:\xampp\htdocs\BKK\vendor\codeigniter4\framework\system\Database\MySQLi\Connection.php(280): mysqli->query('SELECT `loker`....')
#1 C:\xampp\htdocs\BKK\vendor\codeigniter4\framework\system\Database\BaseConnection.php(663): CodeIgniter\Database\MySQLi\Connection->execute('SELECT `loker`....')
#2 C:\xampp\htdocs\BKK\vendor\codeigniter4\framework\system\Database\BaseConnection.php(591): CodeIgniter\Database\BaseConnection->simpleQuery('SELECT `loker`....')
#3 C:\xampp\htdocs\BKK\vendor\codeigniter4\framework\system\Database\BaseBuilder.php(1428): CodeIgniter\Database\BaseConnection->query('SELECT `loker`....', Array, false)
#4 C:\xampp\htdocs\BKK\app\Models\LokerModel.php(20): CodeIgniter\Database\BaseBuilder->get()
#5 C:\xampp\htdocs\BKK\app\Controllers\Home.php(19): App\Models\LokerModel->get6Loker()
#6 C:\xampp\htdocs\BKK\vendor\codeigniter4\framework\system\CodeIgniter.php(802): App\Controllers\Home->index()
#7 C:\xampp\htdocs\BKK\vendor\codeigniter4\framework\system\CodeIgniter.php(399): CodeIgniter\CodeIgniter->runController(Object(App\Controllers\Home))
#8 C:\xampp\htdocs\BKK\vendor\codeigniter4\framework\system\CodeIgniter.php(317): CodeIgniter\CodeIgniter->handleRequest(NULL, Object(Config\Cache), false)
#9 C:\xampp\htdocs\BKK\public\index.php(37): CodeIgniter\CodeIgniter->run()
#10 C:\xampp\htdocs\BKK\vendor\codeigniter4\framework\system\Commands\Server\rewrite.php(43): require_once('C:\\xampp\\htdocs...')
#11 {main}
