CRITICAL - 2021-10-23 00:55:39 --> include(master/header.php): Failed to open stream: No such file or directory
#0 C:\xampp\htdocs\BKK\app\Views\master\navbar.php(1): CodeIgniter\Debug\Exceptions->errorHandler(2, 'include(master/...', 'C:\\xampp\\htdocs...', 1)
#1 C:\xampp\htdocs\BKK\app\Views\master\navbar.php(1): include()
#2 C:\xampp\htdocs\BKK\app\Views\Home.php(2): include('C:\\xampp\\htdocs...')
#3 C:\xampp\htdocs\BKK\vendor\codeigniter4\framework\system\View\View.php(214): include('C:\\xampp\\htdocs...')
#4 C:\xampp\htdocs\BKK\vendor\codeigniter4\framework\system\View\View.php(217): CodeIgniter\View\View->CodeIgniter\View\{closure}()
#5 C:\xampp\htdocs\BKK\vendor\codeigniter4\framework\system\Common.php(1092): CodeIgniter\View\View->render('Home', Array, true)
#6 C:\xampp\htdocs\BKK\app\Controllers\Home.php(20): view('Home', Array)
#7 C:\xampp\htdocs\BKK\vendor\codeigniter4\framework\system\CodeIgniter.php(802): App\Controllers\Home->index()
#8 C:\xampp\htdocs\BKK\vendor\codeigniter4\framework\system\CodeIgniter.php(399): CodeIgniter\CodeIgniter->runController(Object(App\Controllers\Home))
#9 C:\xampp\htdocs\BKK\vendor\codeigniter4\framework\system\CodeIgniter.php(317): CodeIgniter\CodeIgniter->handleRequest(NULL, Object(Config\Cache), false)
#10 C:\xampp\htdocs\BKK\public\index.php(37): CodeIgniter\CodeIgniter->run()
#11 C:\xampp\htdocs\BKK\vendor\codeigniter4\framework\system\Commands\Server\rewrite.php(43): require_once('C:\\xampp\\htdocs...')
#12 {main}
CRITICAL - 2021-10-23 00:55:41 --> include(master/header.php): Failed to open stream: No such file or directory
#0 C:\xampp\htdocs\BKK\app\Views\master\navbar.php(1): CodeIgniter\Debug\Exceptions->errorHandler(2, 'include(master/...', 'C:\\xampp\\htdocs...', 1)
#1 C:\xampp\htdocs\BKK\app\Views\master\navbar.php(1): include()
#2 C:\xampp\htdocs\BKK\app\Views\Home.php(2): include('C:\\xampp\\htdocs...')
#3 C:\xampp\htdocs\BKK\vendor\codeigniter4\framework\system\View\View.php(214): include('C:\\xampp\\htdocs...')
#4 C:\xampp\htdocs\BKK\vendor\codeigniter4\framework\system\View\View.php(217): CodeIgniter\View\View->CodeIgniter\View\{closure}()
#5 C:\xampp\htdocs\BKK\vendor\codeigniter4\framework\system\Common.php(1092): CodeIgniter\View\View->render('Home', Array, true)
#6 C:\xampp\htdocs\BKK\app\Controllers\Home.php(20): view('Home', Array)
#7 C:\xampp\htdocs\BKK\vendor\codeigniter4\framework\system\CodeIgniter.php(802): App\Controllers\Home->index()
#8 C:\xampp\htdocs\BKK\vendor\codeigniter4\framework\system\CodeIgniter.php(399): CodeIgniter\CodeIgniter->runController(Object(App\Controllers\Home))
#9 C:\xampp\htdocs\BKK\vendor\codeigniter4\framework\system\CodeIgniter.php(317): CodeIgniter\CodeIgniter->handleRequest(NULL, Object(Config\Cache), false)
#10 C:\xampp\htdocs\BKK\public\index.php(37): CodeIgniter\CodeIgniter->run()
#11 C:\xampp\htdocs\BKK\vendor\codeigniter4\framework\system\Commands\Server\rewrite.php(43): require_once('C:\\xampp\\htdocs...')
#12 {main}
CRITICAL - 2021-10-23 00:55:59 --> include(master/header.php): Failed to open stream: No such file or directory
#0 C:\xampp\htdocs\BKK\app\Views\master\navbar.php(1): CodeIgniter\Debug\Exceptions->errorHandler(2, 'include(master/...', 'C:\\xampp\\htdocs...', 1)
#1 C:\xampp\htdocs\BKK\app\Views\master\navbar.php(1): include()
#2 C:\xampp\htdocs\BKK\app\Views\Home.php(2): include('C:\\xampp\\htdocs...')
#3 C:\xampp\htdocs\BKK\vendor\codeigniter4\framework\system\View\View.php(214): include('C:\\xampp\\htdocs...')
#4 C:\xampp\htdocs\BKK\vendor\codeigniter4\framework\system\View\View.php(217): CodeIgniter\View\View->CodeIgniter\View\{closure}()
#5 C:\xampp\htdocs\BKK\vendor\codeigniter4\framework\system\Common.php(1092): CodeIgniter\View\View->render('Home', Array, true)
#6 C:\xampp\htdocs\BKK\app\Controllers\Home.php(20): view('Home', Array)
#7 C:\xampp\htdocs\BKK\vendor\codeigniter4\framework\system\CodeIgniter.php(802): App\Controllers\Home->index()
#8 C:\xampp\htdocs\BKK\vendor\codeigniter4\framework\system\CodeIgniter.php(399): CodeIgniter\CodeIgniter->runController(Object(App\Controllers\Home))
#9 C:\xampp\htdocs\BKK\vendor\codeigniter4\framework\system\CodeIgniter.php(317): CodeIgniter\CodeIgniter->handleRequest(NULL, Object(Config\Cache), false)
#10 C:\xampp\htdocs\BKK\public\index.php(37): CodeIgniter\CodeIgniter->run()
#11 C:\xampp\htdocs\BKK\vendor\codeigniter4\framework\system\Commands\Server\rewrite.php(43): require_once('C:\\xampp\\htdocs...')
#12 {main}
CRITICAL - 2021-10-23 00:56:27 --> include(master/header.php): Failed to open stream: No such file or directory
#0 C:\xampp\htdocs\BKK\app\Views\master\navbar.php(1): CodeIgniter\Debug\Exceptions->errorHandler(2, 'include(master/...', 'C:\\xampp\\htdocs...', 1)
#1 C:\xampp\htdocs\BKK\app\Views\master\navbar.php(1): include()
#2 C:\xampp\htdocs\BKK\app\Views\Home.php(2): include('C:\\xampp\\htdocs...')
#3 C:\xampp\htdocs\BKK\vendor\codeigniter4\framework\system\View\View.php(214): include('C:\\xampp\\htdocs...')
#4 C:\xampp\htdocs\BKK\vendor\codeigniter4\framework\system\View\View.php(217): CodeIgniter\View\View->CodeIgniter\View\{closure}()
#5 C:\xampp\htdocs\BKK\vendor\codeigniter4\framework\system\Common.php(1092): CodeIgniter\View\View->render('Home', Array, true)
#6 C:\xampp\htdocs\BKK\app\Controllers\Home.php(20): view('Home', Array)
#7 C:\xampp\htdocs\BKK\vendor\codeigniter4\framework\system\CodeIgniter.php(802): App\Controllers\Home->index()
#8 C:\xampp\htdocs\BKK\vendor\codeigniter4\framework\system\CodeIgniter.php(399): CodeIgniter\CodeIgniter->runController(Object(App\Controllers\Home))
#9 C:\xampp\htdocs\BKK\vendor\codeigniter4\framework\system\CodeIgniter.php(317): CodeIgniter\CodeIgniter->handleRequest(NULL, Object(Config\Cache), false)
#10 C:\xampp\htdocs\BKK\public\index.php(37): CodeIgniter\CodeIgniter->run()
#11 C:\xampp\htdocs\BKK\vendor\codeigniter4\framework\system\Commands\Server\rewrite.php(43): require_once('C:\\xampp\\htdocs...')
#12 {main}
